# JRE version: OpenJDK Runtime Environment (15.0.1+9) (build 15.0.1+9-18)
# Java VM: OpenJDK 64-Bit Server VM (15.0.1+9-18, mixed mode, tiered, compressed oops, g1 gc, windows-amd64)
GC Precious Log:
 CPUs: 8 total, 8 available
 Memory: 16126M
 Large Page Support: Disabled
 NUMA Support: Disabled
 Compressed Oops: Enabled (Zero based)
 Heap Region Size: 2M
 Heap Min Capacity: 8M
 Heap Initial Capacity: 252M
 Heap Max Capacity: 4032M
 Pre-touch: Disabled
 Parallel Workers: 8
 Concurrent Workers: 2
 Concurrent Refinement Workers: 8
 Periodic GC: Disabled
Heap:
 garbage-first heap   total 81920K, used 33554K [0x0000000704000000, 0x0000000800000000)
  region size 2048K, 9 young (18432K), 3 survivors (6144K)
 Metaspace       used 51317K, capacity 52203K, committed 52816K, reserved 1095680K
  class space    used 6385K, capacity 6694K, committed 6912K, reserved 1048576K
GC Heap History (20 events):
Event: 3.682 GC heap before
{Heap before GC invocations=14 (full 0):
 garbage-first heap   total 83968K, used 61341K [0x0000000704000000, 0x0000000800000000)
  region size 2048K, 23 young (47104K), 3 survivors (6144K)
 Metaspace       used 47444K, capacity 48114K, committed 48208K, reserved 1091584K
  class space    used 5904K, capacity 6103K, committed 6144K, reserved 1048576K
}
Event: 3.687 GC heap after
{Heap after GC invocations=15 (full 0):
 garbage-first heap   total 83968K, used 21458K [0x0000000704000000, 0x0000000800000000)
  region size 2048K, 3 young (6144K), 3 survivors (6144K)
 Metaspace       used 47444K, capacity 48114K, committed 48208K, reserved 1091584K
  class space    used 5904K, capacity 6103K, committed 6144K, reserved 1048576K
}
Event: 110.482 GC heap before
{Heap before GC invocations=15 (full 0):
 garbage-first heap   total 83968K, used 62418K [0x0000000704000000, 0x0000000800000000)
  region size 2048K, 23 young (47104K), 3 survivors (6144K)
 Metaspace       used 51061K, capacity 51747K, committed 52048K, reserved 1095680K
  class space    used 6360K, capacity 6596K, committed 6656K, reserved 1048576K
}
Event: 110.491 GC heap after
{Heap after GC invocations=16 (full 0):
 garbage-first heap   total 83968K, used 23006K [0x0000000704000000, 0x0000000800000000)
  region size 2048K, 2 young (4096K), 2 survivors (4096K)
 Metaspace       used 51061K, capacity 51747K, committed 52048K, reserved 1095680K
  class space    used 6360K, capacity 6596K, committed 6656K, reserved 1048576K
}
Event: 978.156 GC heap before
{Heap before GC invocations=16 (full 0):
 garbage-first heap   total 83968K, used 61918K [0x0000000704000000, 0x0000000800000000)
  region size 2048K, 21 young (43008K), 2 survivors (4096K)
 Metaspace       used 51090K, capacity 51786K, committed 52048K, reserved 1095680K
  class space    used 6366K, capacity 6607K, committed 6656K, reserved 1048576K
}
Event: 978.163 GC heap after
{Heap after GC invocations=17 (full 0):
 garbage-first heap   total 83968K, used 22915K [0x0000000704000000, 0x0000000800000000)
  region size 2048K, 2 young (4096K), 2 survivors (4096K)
 Metaspace       used 51090K, capacity 51786K, committed 52048K, reserved 1095680K
  class space    used 6366K, capacity 6607K, committed 6656K, reserved 1048576K
}
Event: 3864.022 GC heap before
{Heap before GC invocations=17 (full 0):
 garbage-first heap   total 83968K, used 61827K [0x0000000704000000, 0x0000000800000000)
  region size 2048K, 21 young (43008K), 2 survivors (4096K)
 Metaspace       used 51113K, capacity 51804K, committed 52048K, reserved 1095680K
  class space    used 6369K, capacity 6610K, committed 6656K, reserved 1048576K
}
Event: 3864.029 GC heap after
{Heap after GC invocations=18 (full 0):
 garbage-first heap   total 83968K, used 23010K [0x0000000704000000, 0x0000000800000000)
  region size 2048K, 2 young (4096K), 2 survivors (4096K)
 Metaspace       used 51113K, capacity 51804K, committed 52048K, reserved 1095680K
  class space    used 6369K, capacity 6610K, committed 6656K, reserved 1048576K
}
Event: 4276.519 GC heap before
{Heap before GC invocations=18 (full 0):
 garbage-first heap   total 83968K, used 43490K [0x0000000704000000, 0x0000000800000000)
  region size 2048K, 13 young (26624K), 2 survivors (4096K)
 Metaspace       used 51232K, capacity 52071K, committed 52176K, reserved 1095680K
  class space    used 6391K, capacity 6679K, committed 6784K, reserved 1048576K
}
Event: 4276.547 GC heap after
{Heap after GC invocations=19 (full 1):
 garbage-first heap   total 81920K, used 18773K [0x0000000704000000, 0x0000000800000000)
  region size 2048K, 0 young (0K), 0 survivors (0K)
 Metaspace       used 51232K, capacity 52071K, committed 52176K, reserved 1095680K
  class space    used 6391K, capacity 6679K, committed 6784K, reserved 1048576K
}
Event: 4276.877 GC heap before
{Heap before GC invocations=19 (full 1):
 garbage-first heap   total 81920K, used 63829K [0x0000000704000000, 0x0000000800000000)
  region size 2048K, 22 young (45056K), 0 survivors (0K)
 Metaspace       used 51278K, capacity 52175K, committed 52432K, reserved 1095680K
  class space    used 6400K, capacity 6690K, committed 6784K, reserved 1048576K
}
Event: 4276.880 GC heap after
{Heap after GC invocations=20 (full 1):
 garbage-first heap   total 81920K, used 21516K [0x0000000704000000, 0x0000000800000000)
  region size 2048K, 2 young (4096K), 2 survivors (4096K)
 Metaspace       used 51278K, capacity 52175K, committed 52432K, reserved 1095680K
  class space    used 6400K, capacity 6690K, committed 6784K, reserved 1048576K
}
Event: 4277.274 GC heap before
{Heap before GC invocations=20 (full 1):
 garbage-first heap   total 81920K, used 60428K [0x0000000704000000, 0x0000000800000000)
  region size 2048K, 21 young (43008K), 2 survivors (4096K)
 Metaspace       used 51411K, capacity 52320K, committed 52432K, reserved 1095680K
  class space    used 6418K, capacity 6749K, committed 6784K, reserved 1048576K
}
Event: 4277.277 GC heap after
{Heap after GC invocations=21 (full 1):
 garbage-first heap   total 81920K, used 23991K [0x0000000704000000, 0x0000000800000000)
  region size 2048K, 3 young (6144K), 3 survivors (6144K)
 Metaspace       used 51411K, capacity 52320K, committed 52432K, reserved 1095680K
  class space    used 6418K, capacity 6749K, committed 6784K, reserved 1048576K
}
Event: 7137.412 GC heap before
{Heap before GC invocations=21 (full 1):
 garbage-first heap   total 81920K, used 58807K [0x0000000704000000, 0x0000000800000000)
  region size 2048K, 21 young (43008K), 3 survivors (6144K)
 Metaspace       used 51450K, capacity 52399K, committed 52432K, reserved 1095680K
  class space    used 6423K, capacity 6753K, committed 6784K, reserved 1048576K
}
Event: 7137.439 GC heap after
{Heap after GC invocations=22 (full 2):
 garbage-first heap   total 81920K, used 18234K [0x0000000704000000, 0x0000000800000000)
  region size 2048K, 0 young (0K), 0 survivors (0K)
 Metaspace       used 51163K, capacity 51962K, committed 52432K, reserved 1095680K
  class space    used 6365K, capacity 6640K, committed 6784K, reserved 1048576K
}
Event: 7137.759 GC heap before
{Heap before GC invocations=22 (full 2):
 garbage-first heap   total 81920K, used 61242K [0x0000000704000000, 0x0000000800000000)
  region size 2048K, 21 young (43008K), 0 survivors (0K)
 Metaspace       used 51213K, capacity 52084K, committed 52688K, reserved 1095680K
  class space    used 6376K, capacity 6655K, committed 6784K, reserved 1048576K
}
Event: 7137.762 GC heap after
{Heap after GC invocations=23 (full 2):
 garbage-first heap   total 81920K, used 20859K [0x0000000704000000, 0x0000000800000000)
  region size 2048K, 2 young (4096K), 2 survivors (4096K)
 Metaspace       used 51213K, capacity 52084K, committed 52688K, reserved 1095680K
  class space    used 6376K, capacity 6655K, committed 6784K, reserved 1048576K
}
Event: 7138.430 GC heap before
{Heap before GC invocations=23 (full 2):
 garbage-first heap   total 81920K, used 59771K [0x0000000704000000, 0x0000000800000000)
  region size 2048K, 21 young (43008K), 2 survivors (4096K)
 Metaspace       used 51284K, capacity 52139K, committed 52816K, reserved 1095680K
  class space    used 6383K, capacity 6694K, committed 6912K, reserved 1048576K
}
Event: 7138.434 GC heap after
{Heap after GC invocations=24 (full 2):
 garbage-first heap   total 81920K, used 23314K [0x0000000704000000, 0x0000000800000000)
  region size 2048K, 3 young (6144K), 3 survivors (6144K)
 Metaspace       used 51284K, capacity 52139K, committed 52816K, reserved 1095680K
  class space    used 6383K, capacity 6694K, committed 6912K, reserved 1048576K
}

